
1325095ms: interf  0 0 0 0 0 0 0 0 0 0 0 0 
1325097ms: interf2 0 0 0 0 0 0 0 0 0 0 0 0 
1325101ms: values  107 68 16 8 0 0 0 5 5 5 19 44 9 
1325870ms: interf  0 0 0 0 0 0 0 0 0 0 0 0 
1325871ms: interf2 0 0 0 0 0 0 0 0 0 0 0 0 
1325874ms: values  107 68 16 7 0 0 0 5 5 4 19 44 9 
1326643ms: interf  0 0 0 0 0 0 0 0 0 0 0 0 
1326644ms: interf2 0 0 0 0 0 0 0 0 0 0 0 0 
1326648ms: values  107 68 16 8 0 0 0 5 5 4 19 44 9 
1327416ms: interf  0 0 0 0 0 0 0 0 0 0 0 0 
1327418ms: interf2 0 0 0 0 0 0 0 0 0 0 0 0 
1327421ms: values  107 68 16 8 0 0 0 5 5 4 19 44 9 
1328190ms: interf  0 0 0 0 0 0 0 0 0 0 0 0 
1328191ms: interf2 0 0 0 0 0 0 0 0 0 0 0 0 
1328194ms: values  107 68 16 8 0 0 0 5 5 5 18 44 9 
1328963ms: interf  0 0 0 0 0 0 0 0 0 0 0 0 
1328964ms: interf2 0 0 0 0 0 0 0 0 0 0 0 0 
1328968ms: values  107 69 17 8 0 0 0 5 5 4 19 44 21 
1329737ms: interf  0 0 0 0 0 0 0 0 0 0 0 0 
1329738ms: interf2 0 0 0 0 0 0 0 0 0 0 0 0 
1329741ms: values  108 71 18 9 0 0 0 5 5 5 19 44 46 
1330510ms: interf  0 0 0 0 0 0 0 0 0 0 0 0 
1330511ms: interf2 0 0 0 0 0 0 0 0 0 0 0 0 
1330515ms: values  115 80 20 9 0 0 0 5 5 5 19 44 159 
1331284ms: interf  0 0 0 0 0 0 0 0 0 0 0 0 
1331286ms: interf2 0 0 0 0 0 0 0 0 0 0 0 0 
1331289ms: values  107 68 14 6 0 0 0 5 5 4 18 44 9 
1332058ms: interf  0 0 0 0 0 0 0 0 0 0 0 0 
1332059ms: interf2 0 0 0 0 0 0 0 0 0 0 0 0 
1332063ms: values  107 68 15 6 0 0 0 5 5 5 19 44 9 
1332832ms: interf  0 0 0 0 0 0 0 0 0 0 0 0 
1332833ms: interf2 0 0 0 0 0 0 0 0 0 0 0 0 
1332836ms: values  107 69 15 6 0 0 0 5 5 4 19 44 21 
1333605ms: interf  0 0 0 0 0 0 0 0 0 0 0 0 
1333606ms: interf2 0 0 0 0 0 0 0 0 0 0 0 0 
1333610ms: values  107 69 15 6 0 0 0 5 5 5 19 44 21 
1334378ms: interf  0 0 0 0 0 0 0 0 0 0 0 0 
1334379ms: interf2 0 0 0 0 0 0 0 0 0 0 0 0 
1334383ms: values  0 0 0 0 0 0 0 0 0 0 0 0 63000 
1335151ms: interf  0 0 0 0 0 0 0 0 0 0 0 0 
1335152ms: interf2 0 0 0 0 0 0 0 0 0 0 0 0 
1335156ms: values  107 68 15 6 0 0 0 5 5 5 19 44 9 
1335925ms: interf  0 0 0 0 0 0 0 0 0 0 0 0 
1335926ms: interf2 0 0 0 0 0 0 0 0 0 0 0 0 
1335929ms: values  106 68 14 6 0 0 0 5 5 4 18 44 9 
1336698ms: interf  0 0 0 0 0 0 0 0 0 0 0 0 
1336699ms: interf2 0 0 0 0 0 0 0 0 0 0 0 0 
1336702ms: values  107 68 15 6 0 0 0 5 5 4 19 44 9 
1337472ms: interf  0 0 0 0 0 0 0 0 0 0 0 0 
1337473ms: interf2 0 0 0 0 0 0 0 0 0 0 0 0 
1337477ms: values  107 68 14 6 0 0 0 5 5 4 18 44 9 
1338246ms: interf  0 0 0 0 0 0 0 0 0 0 0 0 
1338247ms: interf2 0 0 0 0 0 0 0 0 0 0 0 0 
1338250ms: values  106 68 15 6 0 0 0 5 5 5 19 44 9 
1339019ms: interf  0 0 0 0 0 0 0 0 0 0 0 0 
1339020ms: interf2 0 0 0 0 0 0 0 0 0 0 0 0 
1339023ms: values  107 68 15 7 0 0 0 5 5 4 18 44 9 
1339792ms: interf  0 0 0 0 0 0 0 0 0 0 0 0 
1339794ms: interf2 0 0 0 0 0 0 0 0 0 0 0 0 
1339797ms: values  107 68 15 6 0 0 0 5 5 5 19 44 9 
1340566ms: interf  0 0 0 0 0 0 0 0 0 0 0 0 
1340567ms: interf2 0 0 0 0 0 0 0 0 0 0 0 0 
1340570ms: values  106 68 15 6 0 0 0 5 5 4 19 44 9 
1341339ms: interf  0 0 0 0 0 0 0 0 0 0 0 0 
1341340ms: interf2 0 0 0 0 0 0 0 0 0 0 0 0 
1341343ms: values  106 68 14 6 0 0 0 5 5 4 18 44 9 
1342112ms: interf  0 0 0 0 0 0 0 0 0 0 0 0 
1342114ms: interf2 0 0 0 0 0 0 0 0 0 0 0 0 
1342117ms: values  106 68 14 6 0 0 0 5 5 4 19 44 9 
1342886ms: interf  0 0 0 0 0 0 0 0 0 0 0 0 
1342887ms: interf2 0 0 0 0 0 0 0 0 0 0 0 0 
1342891ms: values  106 68 14 6 0 0 0 5 5 5 18 44 9 
1343660ms: interf  0 0 0 0 0 0 0 0 0 0 0 0 
1343661ms: interf2 0 0 0 0 0 0 0 0 0 0 0 0 
1343664ms: values  106 68 14 6 0 0 0 5 5 4 19 44 9 
1344433ms: interf  0 0 0 0 0 0 0 0 0 0 0 0 
1344435ms: interf2 0 0 0 0 0 0 0 0 0 0 0 0 
1344438ms: values  106 68 14 6 0 0 0 5 5 5 18 44 9 
1345207ms: interf  0 0 0 0 0 0 0 0 0 0 0 0 
1345208ms: interf2 0 0 0 0 0 0 0 0 0 0 0 0 
1345211ms: values  106 68 14 6 0 0 0 5 5 4 18 44 9 
1345980ms: interf  0 0 0 0 0 0 0 0 0 0 0 0 
1345981ms: interf2 0 0 0 0 0 0 0 0 0 0 0 0 
1345985ms: values  106 68 15 6 0 0 0 5 5 5 18 44 9 
1346753ms: interf  0 0 0 0 0 0 0 0 0 0 0 0 
1346755ms: interf2 0 0 0 0 0 0 0 0 0 0 0 0 
1346758ms: values  106 68 14 6 0 0 0 5 5 4 18 44 9 
1347527ms: interf  0 0 0 0 0 0 0 0 0 0 0 0 
1347528ms: interf2 0 0 0 0 0 0 0 0 0 0 0 0 
1347531ms: values  106 68 14 6 0 0 0 5 5 4 18 44 9 
1348300ms: interf  0 0 0 0 0 0 0 0 0 0 0 0 
1348301ms: interf2 0 0 0 0 0 0 0 0 0 0 0 0 
1348305ms: values  106 68 16 9 4 0 0 5 5 5 19 44 9 
1349073ms: interf  0 0 0 0 0 0 0 0 0 0 0 0 
1349075ms: interf2 0 0 0 0 0 0 0 0 0 0 0 0 
1349079ms: values  106 67 13 8 4 0 0 5 5 4 18 44 62827 
1349848ms: interf  0 0 0 0 0 0 0 0 0 0 0 0 
1349850ms: interf2 0 0 0 0 0 0 0 0 0 0 0 0 
1349853ms: values  106 66 13 7 4 3 0 5 5 5 19 49 62719 
1350622ms: interf  0 0 0 0 0 0 0 0 0 0 0 0 
1350624ms: interf2 0 0 0 0 0 0 0 0 0 0 0 0 
1350627ms: values  61 13 7 5 4 4 0 5 7 20 57 129 57294 
1351396ms: interf  0 0 0 0 0 0 0 0 0 0 0 0 
1351398ms: interf2 0 0 0 0 0 0 0 0 0 0 0 0 
1351401ms: values  16 5 4 3 3 4 0 9 20 46 97 24 51515 
1352170ms: interf  0 0 0 0 0 0 0 0 0 0 0 0 
1352172ms: interf2 0 0 0 0 0 0 0 0 0 0 0 0 
1352175ms: values  12 6 6 5 0 3 0 7 19 32 99 55 52464 
1352944ms: interf  0 0 0 0 0 0 0 0 0 0 0 0 
1352945ms: interf2 0 0 0 0 0 0 0 0 0 0 0 0 
1352949ms: values  10 5 7 0 0 4 0 13 21 80 78 15 48132 
1353718ms: interf  0 0 0 0 0 0 0 0 0 0 0 0 
1353719ms: interf2 0 0 0 0 0 0 0 0 0 0 0 0 
1353723ms: values  8 5 8 0 3 4 0 15 22 86 70 13 47910 
1354492ms: interf  0 0 0 0 0 0 0 0 0 0 0 0 
1354493ms: interf2 0 0 0 0 0 0 0 0 0 0 0 0 
1354498ms: values  8 5 8 0 3 5 0 16 25 91 60 15 47567 
1355267ms: interf  0 0 0 0 0 0 0 0 0 0 0 0 
1355268ms: interf2 0 0 0 0 0 0 0 0 0 0 0 0 
1355271ms: values  7 6 8 0 3 4 0 17 31 95 53 15 47223 
1356041ms: interf  0 0 0 0 0 0 0 0 0 0 0 0 
1356042ms: interf2 0 0 0 0 0 0 0 0 0 0 0 0 
1356045ms: values  7 6 8 0 3 4 0 17 31 95 53 15 47223 
1356815ms: interf  0 0 0 0 0 0 0 0 0 0 0 0 
1356816ms: interf2 0 0 0 0 0 0 0 0 0 0 0 0 
1356819ms: values  7 6 7 0 4 4 3 17 38 96 45 15 46904 
1357589ms: interf  0 0 0 0 0 0 0 0 0 0 0 0 
1357590ms: interf2 0 0 0 0 0 0 0 0 0 0 0 0 
1357593ms: values  7 6 8 0 4 4 3 17 38 96 45 15 46904 
1358362ms: interf  0 0 0 0 0 0 0 0 0 0 0 0 
1358364ms: interf2 0 0 0 0 0 0 0 0 0 0 0 0 
1358367ms: values  6 0 3 0 4 4 0 17 38 96 44 16 46885 
1359136ms: interf  0 0 0 0 0 0 0 0 0 0 0 0 
1359137ms: interf2 0 0 0 0 0 0 0 0 0 0 0 0 
1359141ms: values  7 4 4 0 4 4 3 17 38 96 45 16 46904 
1359910ms: interf  0 0 0 0 0 0 0 0 0 0 0 0 
1359911ms: interf2 0 0 0 0 0 0 0 0 0 0 0 0 
1359916ms: values  7 4 4 0 3 3 0 17 35 96 48 16 47026 
1360685ms: interf  0 0 0 0 0 0 0 0 0 0 0 0 
1360686ms: interf2 0 0 0 0 0 0 0 0 0 0 0 0 
1360689ms: values  7 4 4 0 4 4 0 17 35 96 48 16 47026 
1361459ms: interf  0 0 0 0 0 0 0 0 0 0 0 0 
1361460ms: interf2 0 0 0 0 0 0 0 0 0 0 0 0 
1361463ms: values  6 0 3 0 3 4 0 17 35 96 48 15 47026 
1362233ms: interf  0 0 0 0 0 0 0 0 0 0 0 0 
1362234ms: interf2 0 0 0 0 0 0 0 0 0 0 0 0 
1362237ms: values  5 0 4 0 4 4 0 17 35 96 48 15 47026 
1363006ms: interf  0 0 0 0 0 0 0 0 0 0 0 0 
1363008ms: interf2 0 0 0 0 0 0 0 0 0 0 0 0 
1363011ms: values  5 0 4 0 4 4 0 17 35 96 48 15 47026 
1363780ms: interf  0 0 0 0 0 0 0 0 0 0 0 0 
1363781ms: interf2 0 0 0 0 0 0 0 0 0 0 0 0 
1363785ms: values  5 0 4 0 3 4 0 17 35 96 48 15 47026 
1364554ms: interf  0 0 0 0 0 0 0 0 0 0 0 0 
1364555ms: interf2 0 0 0 0 0 0 0 0 0 0 0 0 
1364559ms: values  5 0 4 0 4 4 0 17 35 96 48 15 47026 
1365328ms: interf  0 0 0 0 0 0 0 0 0 0 0 0 
1365329ms: interf2 0 0 0 0 0 0 0 0 0 0 0 0 
1365332ms: values  5 0 4 0 4 4 3 17 35 95 48 15 47026 
1366103ms: interf  0 0 0 0 0 0 0 0 0 0 0 0 
1366104ms: interf2 0 0 0 0 0 0 0 0 0 0 0 0 
1366107ms: values  5 0 4 0 4 3 0 17 35 96 48 15 47026 
1366877ms: interf  0 0 0 0 0 0 0 0 0 0 0 0 
1366878ms: interf2 0 0 0 0 0 0 0 0 0 0 0 0 
1366881ms: values  5 0 4 0 4 4 0 17 35 96 48 15 47026 
1367650ms: interf  0 0 0 0 0 0 0 0 0 0 0 0 
1367652ms: interf2 0 0 0 0 0 0 0 0 0 0 0 0 
1367655ms: values  5 0 4 0 4 3 0 17 35 96 48 15 47026 
1368424ms: interf  0 0 0 0 0 0 0 0 0 0 0 0 
1368426ms: interf2 0 0 0 0 0 0 0 0 0 0 0 0 
1368429ms: values  5 0 4 0 4 4 0 16 35 96 48 15 47026 
1369198ms: interf  0 0 0 0 0 0 0 0 0 0 0 0 
1369199ms: interf2 0 0 0 0 0 0 0 0 0 0 0 0 
1369203ms: values  5 0 3 0 4 4 0 17 35 96 48 15 47026 
1369972ms: interf  0 0 0 0 0 0 0 0 0 0 0 0 
1369973ms: interf2 0 0 0 0 0 0 0 0 0 0 0 0 
1369976ms: values  5 0 4 0 4 3 0 17 35 96 48 15 47026 
1370746ms: interf  0 0 0 0 0 0 0 0 0 0 0 0 
1370747ms: interf2 0 0 0 0 0 0 0 0 0 0 0 0 
1370750ms: values  5 0 4 0 4 4 0 17 35 96 48 15 47026 
1371521ms: interf  0 0 0 0 0 0 0 0 0 0 0 0 
1371522ms: interf2 0 0 0 0 0 0 0 0 0 0 0 0 
1371525ms: values  5 0 4 0 3 4 0 17 35 96 47 15 47008 
1372294ms: interf  0 0 0 0 0 0 0 0 0 0 0 0 
1372296ms: interf2 0 0 0 0 0 0 0 0 0 0 0 0 
1372299ms: values  5 0 4 0 4 3 0 17 35 96 48 15 47026 
1373068ms: interf  0 0 0 0 0 0 0 0 0 0 0 0 
1373070ms: interf2 0 0 0 0 0 0 0 0 0 0 0 0 
1373073ms: values  5 0 3 0 4 4 0 17 35 96 48 15 47026 
1373842ms: interf  0 0 0 0 0 0 0 0 0 0 0 0 
1373843ms: interf2 0 0 0 0 0 0 0 0 0 0 0 0 
1373847ms: values  5 0 4 0 3 3 0 17 35 96 48 15 47026 
1374616ms: interf  0 0 0 0 0 0 0 0 0 0 0 0 
1374617ms: interf2 0 0 0 0 0 0 0 0 0 0 0 0 
1374620ms: values  5 0 4 0 4 4 0 17 35 96 48 15 47026 
1375390ms: interf  0 0 0 0 0 0 0 0 0 0 0 0 
1375391ms: interf2 0 0 0 0 0 0 0 0 0 0 0 0 
1375394ms: values  5 0 3 0 3 4 3 17 35 96 48 15 47026 
1376164ms: interf  0 0 0 0 0 0 0 0 0 0 0 0 
1376165ms: interf2 0 0 0 0 0 0 0 0 0 0 0 0 
1376168ms: values  5 0 4 0 4 4 0 17 35 96 48 16 47026 
1376939ms: interf  0 0 0 0 0 0 0 0 0 0 0 0 
1376940ms: interf2 0 0 0 0 0 0 0 0 0 0 0 0 
1376943ms: values  5 0 4 0 4 4 0 17 35 96 48 16 47026 
1377712ms: interf  0 0 0 0 0 0 0 0 0 0 0 0 
1377714ms: interf2 0 0 0 0 0 0 0 0 0 0 0 0 
1377717ms: values  5 0 4 0 4 3 0 17 35 96 48 15 47026 
1378486ms: interf  0 0 0 0 0 0 0 0 0 0 0 0 
1378488ms: interf2 0 0 0 0 0 0 0 0 0 0 0 0 
1378491ms: values  7 3 3 0 4 4 0 17 35 96 48 16 47026 
1379260ms: interf  0 0 0 0 0 0 0 0 0 0 0 0 
1379261ms: interf2 0 0 0 0 0 0 0 0 0 0 0 0 
1379265ms: values  6 5 0 0 5 3 4 18 57 94 21 17 45975 
1380034ms: interf  0 0 0 0 0 0 0 0 0 0 0 0 
1380035ms: interf2 0 0 0 0 0 0 0 0 0 0 0 0 
1380038ms: values  5 0 0 4 3 6 13 82 89 17 11 5 39706 
1380808ms: interf  0 0 0 0 0 0 0 0 0 0 0 0 
1380809ms: interf2 0 0 0 0 0 0 0 0 0 0 0 0 
1380812ms: values  0 0 4 3 8 14 82 79 11 9 3 5 33597 
1381582ms: interf  0 0 0 0 0 0 0 0 0 0 0 0 
1381583ms: interf2 0 0 0 0 0 0 0 0 0 0 0 0 
1381586ms: values  0 3 6 3 12 19 86 59 12 7 3 4 32170 
1382355ms: interf  0 0 0 0 0 0 0 0 0 0 0 0 
1382358ms: interf2 0 0 0 0 0 0 0 0 0 0 0 0 
1382361ms: values  0 3 6 4 13 21 85 55 12 7 3 4 31959 
1383130ms: interf  0 0 0 0 0 0 0 0 0 0 0 0 
1383132ms: interf2 0 0 0 0 0 0 0 0 0 0 0 0 
1383135ms: values  0 3 5 4 13 22 86 53 12 6 3 4 31863 
1383904ms: interf  0 0 0 0 0 0 0 0 0 0 0 0 
1383905ms: interf2 0 0 0 0 0 0 0 0 0 0 0 0 
1383909ms: values  0 3 5 5 13 25 85 48 13 6 3 4 31627 
1384678ms: interf  0 0 0 0 0 0 0 0 0 0 0 0 
1384679ms: interf2 0 0 0 0 0 0 0 0 0 0 0 0 
1384683ms: values  0 3 5 5 13 29 84 42 13 6 3 4 31365 
1385452ms: interf  0 0 0 0 0 0 0 0 0 0 0 0 
1385453ms: interf2 0 0 0 0 0 0 0 0 0 0 0 0 
1385456ms: values  0 3 5 5 13 29 84 42 13 6 3 3 31365 
1386226ms: interf  0 0 0 0 0 0 0 0 0 0 0 0 
1386227ms: interf2 0 0 0 0 0 0 0 0 0 0 0 0 
1386230ms: values  0 3 5 5 13 28 84 42 13 6 3 4 31397 
1387000ms: interf  0 0 0 0 0 0 0 0 0 0 0 0 
1387001ms: interf2 0 0 0 0 0 0 0 0 0 0 0 0 
1387004ms: values  0 3 5 5 13 28 84 42 13 6 3 4 31397 
1387773ms: interf  0 0 0 0 0 0 0 0 0 0 0 0 
1387776ms: interf2 0 0 0 0 0 0 0 0 0 0 0 0 
1387779ms: values  0 3 5 5 13 29 84 42 13 6 3 3 31365 
1388548ms: interf  0 0 0 0 0 0 0 0 0 0 0 0 
1388550ms: interf2 0 0 0 0 0 0 0 0 0 0 0 0 
1388553ms: values  0 3 5 5 13 28 84 42 13 6 3 4 31397 
1389322ms: interf  0 0 0 0 0 0 0 0 0 0 0 0 
1389323ms: interf2 0 0 0 0 0 0 0 0 0 0 0 0 
1389327ms: values  0 3 5 5 13 29 84 42 13 5 3 4 31365 
1390096ms: interf  0 0 0 0 0 0 0 0 0 0 0 0 
1390097ms: interf2 0 0 0 0 0 0 0 0 0 0 0 0 
1390101ms: values  0 3 5 5 13 28 84 42 13 6 3 4 31397 
1390870ms: interf  0 0 0 0 0 0 0 0 0 0 0 0 
1390871ms: interf2 0 0 0 0 0 0 0 0 0 0 0 0 
1390874ms: values  0 3 5 5 13 28 84 42 13 6 3 3 31397 
1391644ms: interf  0 0 0 0 0 0 0 0 0 0 0 0 
1391645ms: interf2 0 0 0 0 0 0 0 0 0 0 0 0 
1391648ms: values  0 3 5 5 13 28 84 42 13 6 3 4 31397 
1392418ms: interf  0 0 0 0 0 0 0 0 0 0 0 0 
1392419ms: interf2 0 0 0 0 0 0 0 0 0 0 0 0 
1392422ms: values  0 3 5 5 13 29 84 42 13 6 3 4 31365 
1393191ms: interf  0 0 0 0 0 0 0 0 0 0 0 0 
1393193ms: interf2 0 0 0 0 0 0 0 0 0 0 0 0 
1393197ms: values  0 3 5 5 13 29 84 42 13 6 3 4 31365 
1393966ms: interf  0 0 0 0 0 0 0 0 0 0 0 0 
1393968ms: interf2 0 0 0 0 0 0 0 0 0 0 0 0 
1393971ms: values  0 3 5 5 13 28 84 42 13 6 3 4 31397 
1394740ms: interf  0 0 0 0 0 0 0 0 0 0 0 0 
1394741ms: interf2 0 0 0 0 0 0 0 0 0 0 0 0 
1394745ms: values  0 3 5 5 13 28 84 42 13 6 3 4 31397 
1395514ms: interf  0 0 0 0 0 0 0 0 0 0 0 0 
1395515ms: interf2 0 0 0 0 0 0 0 0 0 0 0 0 
1395519ms: values  0 3 5 5 13 29 84 42 13 6 3 4 31365 
1396288ms: interf  0 0 0 0 0 0 0 0 0 0 0 0 
1396289ms: interf2 0 0 0 0 0 0 0 0 0 0 0 0 
1396292ms: values  0 3 5 5 13 28 84 42 13 6 3 3 31397 
1397062ms: interf  0 0 0 0 0 0 0 0 0 0 0 0 
1397063ms: interf2 0 0 0 0 0 0 0 0 0 0 0 0 
1397066ms: values  0 3 5 5 13 29 84 42 13 6 3 4 31365 
1397836ms: interf  0 0 0 0 0 0 0 0 0 0 0 0 
1397837ms: interf2 0 0 0 0 0 0 0 0 0 0 0 0 
1397840ms: values  0 3 5 5 13 29 84 42 13 6 3 4 31365 
1398609ms: interf  0 0 0 0 0 0 0 0 0 0 0 0 
1398611ms: interf2 0 0 0 0 0 0 0 0 0 0 0 0 
1398615ms: values  0 3 5 5 13 28 84 42 13 6 3 4 31397 
1399384ms: interf  0 0 0 0 0 0 0 0 0 0 0 0 
1399386ms: interf2 0 0 0 0 0 0 0 0 0 0 0 0 
1399389ms: values  0 3 5 5 13 28 84 42 13 6 3 4 31397 
1400158ms: interf  0 0 0 0 0 0 0 0 0 0 0 0 
1400159ms: interf2 0 0 0 0 0 0 0 0 0 0 0 0 
1400163ms: values  3 0 4 4 4 13 39 95 35 12 5 5 36212 
1400932ms: interf  0 0 0 0 0 0 0 0 0 0 0 0 
1400933ms: interf2 0 0 0 0 0 0 0 0 0 0 0 0 
1400937ms: values  0 0 3 4 3 9 14 99 82 13 9 3 38282 
1401706ms: interf  0 0 0 0 0 0 0 0 0 0 0 0 
1401707ms: interf2 0 0 0 0 0 0 0 0 0 0 0 0 
1401710ms: values  0 0 0 3 0 0 3 80 85 15 10 0 39652 
1402479ms: interf  0 0 0 0 0 0 0 0 0 0 0 0 
1402481ms: interf2 0 0 0 0 0 0 0 0 0 0 0 0 
1402484ms: values  15 8 3 0 0 0 3 8 21 25 111 116 54701 
1403253ms: interf  0 0 0 0 0 0 0 0 0 0 0 0 
1403255ms: interf2 0 0 0 0 0 0 0 0 0 0 0 0 
1403258ms: values  122 64 18 8 3 3 0 4 4 6 25 62 62503 
1404027ms: interf  0 0 0 0 0 0 0 0 0 0 0 0 
1404029ms: interf2 0 0 0 0 0 0 0 0 0 0 0 0 
1404033ms: values  123 96 17 11 4 4 3 5 6 4 22 37 533 
1404802ms: interf  0 0 0 0 0 0 0 0 0 0 0 0 
1404804ms: interf2 0 0 0 0 0 0 0 0 0 0 0 0 
1404807ms: values  122 96 17 11 4 4 3 5 5 4 22 37 533 
1405576ms: interf  0 0 0 0 0 0 0 0 0 0 0 0 
1405577ms: interf2 0 0 0 0 0 0 0 0 0 0 0 0 
1405581ms: values  122 95 16 11 5 5 3 5 4 3 18 32 696 
1406350ms: interf  0 0 0 0 0 0 0 0 0 0 0 0 
1406351ms: interf2 0 0 0 0 0 0 0 0 0 0 0 0 
1406355ms: values  13 22 108 92 14 13 0 0 0 3 3 3 11673 
1407124ms: interf  0 0 0 0 0 0 0 0 0 0 0 0 
1407125ms: interf2 0 0 0 0 0 0 0 0 0 0 0 0 
1407129ms: values  9 19 81 110 18 16 0 0 0 3 6 4 13814 
1407898ms: interf  0 0 0 0 0 0 0 0 0 0 0 0 
1407899ms: interf2 0 0 0 0 0 0 0 0 0 0 0 0 
1407903ms: values  9 19 81 110 17 16 0 0 0 3 5 4 13814 
1408672ms: interf  0 0 0 0 0 0 0 0 0 0 0 0 
1408673ms: interf2 0 0 0 0 0 0 0 0 0 0 0 0 
1408677ms: values  7 18 72 113 24 16 3 0 0 3 6 4 14449 
1409446ms: interf  0 0 0 0 0 0 0 0 0 0 0 0 
1409447ms: interf2 0 0 0 0 0 0 0 0 0 0 0 0 
1409452ms: values  6 17 56 110 43 16 4 0 0 0 5 4 15152 
1410221ms: interf  0 0 0 0 0 0 0 0 0 0 0 0 
1410222ms: interf2 0 0 0 0 0 0 0 0 0 0 0 0 
1410226ms: values  5 17 51 109 53 16 5 0 0 0 4 4 15384 
1410995ms: interf  0 0 0 0 0 0 0 0 0 0 0 0 
1410996ms: interf2 0 0 0 0 0 0 0 0 0 0 0 0 
1411000ms: values  5 17 48 109 59 16 5 0 0 0 4 4 15520 
1411769ms: interf  0 0 0 0 0 0 0 0 0 0 0 0 
1411770ms: interf2 0 0 0 0 0 0 0 0 0 0 0 0 
1411774ms: values  5 17 48 109 60 16 5 0 0 0 4 4 15535 
1412543ms: interf  0 0 0 0 0 0 0 0 0 0 0 0 
1412544ms: interf2 0 0 0 0 0 0 0 0 0 0 0 0 
1412548ms: values  5 17 47 109 60 16 5 0 0 0 4 4 15551 
1413317ms: interf  0 0 0 0 0 0 0 0 0 0 0 0 
1413318ms: interf2 0 0 0 0 0 0 0 0 0 0 0 0 
1413322ms: values  5 17 46 109 63 16 5 0 0 0 4 5 15609 
1414091ms: interf  0 0 0 0 0 0 0 0 0 0 0 0 
1414092ms: interf2 0 0 0 0 0 0 0 0 0 0 0 0 
1414096ms: values  5 17 45 109 64 16 5 0 0 0 4 5 15641 
1414865ms: interf  0 0 0 0 0 0 0 0 0 0 0 0 
1414866ms: interf2 0 0 0 0 0 0 0 0 0 0 0 0 
1414871ms: values  5 17 43 109 66 16 5 0 0 0 4 5 15711 
1415640ms: interf  0 0 0 0 0 0 0 0 0 0 0 0 
1415641ms: interf2 0 0 0 0 0 0 0 0 0 0 0 0 
1415645ms: values  5 16 43 109 66 16 5 0 0 0 4 5 15711 
1416414ms: interf  0 0 0 0 0 0 0 0 0 0 0 0 
1416415ms: interf2 0 0 0 0 0 0 0 0 0 0 0 0 
1416419ms: values  5 16 43 109 66 16 6 0 0 0 4 5 15711 
1417188ms: interf  0 0 0 0 0 0 0 0 0 0 0 0 
1417189ms: interf2 0 0 0 0 0 0 0 0 0 0 0 0 
1417193ms: values  5 17 43 109 66 16 5 0 0 0 4 5 15711 
1417962ms: interf  0 0 0 0 0 0 0 0 0 0 0 0 
1417963ms: interf2 0 0 0 0 0 0 0 0 0 0 0 0 
1417967ms: values  5 16 43 109 66 16 5 0 0 0 4 5 15711 
1418736ms: interf  0 0 0 0 0 0 0 0 0 0 0 0 
1418737ms: interf2 0 0 0 0 0 0 0 0 0 0 0 0 
1418741ms: values  5 17 43 109 66 16 6 0 0 0 4 5 15711 
1419510ms: interf  0 0 0 0 0 0 0 0 0 0 0 0 
1419511ms: interf2 0 0 0 0 0 0 0 0 0 0 0 0 
1419515ms: values  5 16 43 109 66 16 6 0 0 0 4 5 15711 
1420284ms: interf  0 0 0 0 0 0 0 0 0 0 0 0 
1420285ms: interf2 0 0 0 0 0 0 0 0 0 0 0 0 
1420290ms: values  5 17 43 109 66 16 6 0 0 0 4 5 15711 
1421059ms: interf  0 0 0 0 0 0 0 0 0 0 0 0 
1421060ms: interf2 0 0 0 0 0 0 0 0 0 0 0 0 
1421064ms: values  5 17 43 109 66 16 6 0 0 0 4 5 15711 
1421833ms: interf  0 0 0 0 0 0 0 0 0 0 0 0 
1421834ms: interf2 0 0 0 0 0 0 0 0 0 0 0 0 
1421838ms: values  5 17 43 109 66 16 6 0 0 0 4 5 15711 
1422607ms: interf  0 0 0 0 0 0 0 0 0 0 0 0 
1422608ms: interf2 0 0 0 0 0 0 0 0 0 0 0 0 
1422612ms: values  5 17 43 109 66 16 6 0 0 0 4 5 15711 
1423381ms: interf  0 0 0 0 0 0 0 0 0 0 0 0 
1423382ms: interf2 0 0 0 0 0 0 0 0 0 0 0 0 
1423386ms: values  5 17 43 109 66 16 6 0 0 0 4 4 15711 
1424155ms: interf  0 0 0 0 0 0 0 0 0 0 0 0 
1424156ms: interf2 0 0 0 0 0 0 0 0 0 0 0 0 
1424160ms: values  5 17 43 109 66 16 6 0 0 0 4 5 15711 
1424929ms: interf  0 0 0 0 0 0 0 0 0 0 0 0 
1424930ms: interf2 0 0 0 0 0 0 0 0 0 0 0 0 
1424934ms: values  5 17 43 109 66 16 6 0 0 0 4 5 15711 
1425703ms: interf  0 0 0 0 0 0 0 0 0 0 0 0 
1425704ms: interf2 0 0 0 0 0 0 0 0 0 0 0 0 
1425709ms: values  5 17 43 109 66 16 6 0 0 0 4 5 15711 
1426478ms: interf  0 0 0 0 0 0 0 0 0 0 0 0 
1426479ms: interf2 0 0 0 0 0 0 0 0 0 0 0 0 
1426483ms: values  5 17 43 109 66 16 6 0 0 0 4 5 15711 
1427252ms: interf  0 0 0 0 0 0 0 0 0 0 0 0 
1427253ms: interf2 0 0 0 0 0 0 0 0 0 0 0 0 
1427257ms: values  5 17 44 109 66 16 6 0 0 0 4 5 15689 
1428026ms: interf  0 0 0 0 0 0 0 0 0 0 0 0 
1428027ms: interf2 0 0 0 0 0 0 0 0 0 0 0 0 
1428031ms: values  5 17 43 109 66 16 6 0 0 0 4 4 15711 
1428800ms: interf  0 0 0 0 0 0 0 0 0 0 0 0 
1428801ms: interf2 0 0 0 0 0 0 0 0 0 0 0 0 
1428805ms: values  5 17 43 109 66 16 5 0 0 0 4 5 15711 
1429574ms: interf  0 0 0 0 0 0 0 0 0 0 0 0 
1429575ms: interf2 0 0 0 0 0 0 0 0 0 0 0 0 
1429579ms: values  7 18 68 114 27 16 3 3 0 3 5 4 14637 
1430348ms: interf  0 0 0 0 0 0 0 0 0 0 0 0 
1430349ms: interf2 0 0 0 0 0 0 0 0 0 0 0 0 
1430353ms: values  23 92 120 17 15 4 0 0 4 3 3 17 8275 
1431122ms: interf  0 0 0 0 0 0 0 0 0 0 0 0 
1431123ms: interf2 0 0 0 0 0 0 0 0 0 0 0 0 
1431128ms: values  110 110 16 14 5 4 0 3 3 3 17 31 939 
1431897ms: interf  0 0 0 0 0 0 0 0 0 0 0 0 
1431898ms: interf2 0 0 0 0 0 0 0 0 0 0 0 0 
1431902ms: values  119 91 16 10 4 4 0 5 6 3 21 36 502 
1432671ms: interf  0 0 0 0 0 0 0 0 0 0 0 0 
1432672ms: interf2 0 0 0 0 0 0 0 0 0 0 0 0 
1432676ms: values  119 91 16 10 4 4 0 5 6 3 21 36 502 
1433445ms: interf  0 0 0 0 0 0 0 0 0 0 0 0 
1433446ms: interf2 0 0 0 0 0 0 0 0 0 0 0 0 
1433449ms: values  120 87 16 10 4 4 0 5 5 3 22 39 365 
1434219ms: interf  0 0 0 0 0 0 0 0 0 0 0 0 
1434220ms: interf2 0 0 0 0 0 0 0 0 0 0 0 0 
1434223ms: values  120 84 17 10 4 4 0 5 6 4 22 41 275 
1434993ms: interf  0 0 0 0 0 0 0 0 0 0 0 0 
1434994ms: interf2 0 0 0 0 0 0 0 0 0 0 0 0 
1434997ms: values  119 79 17 9 4 3 0 4 5 5 23 47 83 
1435766ms: interf  0 0 0 0 0 0 0 0 0 0 0 0 
1435767ms: interf2 0 0 0 0 0 0 0 0 0 0 0 0 
1435771ms: values  119 78 17 9 4 3 0 5 5 4 23 47 71 
1436540ms: interf  0 0 0 0 0 0 0 0 0 0 0 0 
1436541ms: interf2 0 0 0 0 0 0 0 0 0 0 0 0 
1436545ms: values  119 76 17 9 4 3 0 4 5 5 23 49 12 
1437314ms: interf  0 0 0 0 0 0 0 0 0 0 0 0 
1437315ms: interf2 0 0 0 0 0 0 0 0 0 0 0 0 
1437319ms: values  119 76 17 9 4 3 0 5 5 5 23 49 12 
1438088ms: interf  0 0 0 0 0 0 0 0 0 0 0 0 
1438089ms: interf2 0 0 0 0 0 0 0 0 0 0 0 0 
1438092ms: values  119 74 17 9 4 3 0 5 5 5 23 51 62783 
1438862ms: interf  0 0 0 0 0 0 0 0 0 0 0 0 
1438863ms: interf2 0 0 0 0 0 0 0 0 0 0 0 0 
1438866ms: values  119 74 17 9 4 3 0 4 5 5 23 51 62783 
1439636ms: interf  0 0 0 0 0 0 0 0 0 0 0 0 
1439637ms: interf2 0 0 0 0 0 0 0 0 0 0 0 0 
1439640ms: values  119 74 17 9 4 3 0 5 5 5 23 51 62783 
1440410ms: interf  0 0 0 0 0 0 0 0 0 0 0 0 
1440411ms: interf2 0 0 0 0 0 0 0 0 0 0 0 0 
1440414ms: values  119 74 17 9 4 3 0 4 5 5 23 51 62783 
1441184ms: interf  0 0 0 0 0 0 0 0 0 0 0 0 
1441185ms: interf2 0 0 0 0 0 0 0 0 0 0 0 0 
1441188ms: values  119 74 17 9 4 3 0 4 5 5 23 51 62783 
1441958ms: interf  0 0 0 0 0 0 0 0 0 0 0 0 
1441959ms: interf2 0 0 0 0 0 0 0 0 0 0 0 0 
1441963ms: values  119 74 17 9 4 3 0 5 5 5 23 52 62766 
1442733ms: interf  0 0 0 0 0 0 0 0 0 0 0 0 
1442734ms: interf2 0 0 0 0 0 0 0 0 0 0 0 0 
1442737ms: values  119 74 17 9 4 3 0 4 5 5 23 52 62766 
1443507ms: interf  0 0 0 0 0 0 0 0 0 0 0 0 
1443508ms: interf2 0 0 0 0 0 0 0 0 0 0 0 0 
1443511ms: values  119 74 17 9 4 3 0 4 5 5 23 52 62766 
1444281ms: interf  0 0 0 0 0 0 0 0 0 0 0 0 
1444282ms: interf2 0 0 0 0 0 0 0 0 0 0 0 0 
1444285ms: values  119 74 17 9 4 3 0 4 5 5 23 52 62766 
1445055ms: interf  0 0 0 0 0 0 0 0 0 0 0 0 
1445056ms: interf2 0 0 0 0 0 0 0 0 0 0 0 0 
1445059ms: values  119 74 17 9 4 3 0 4 5 5 23 51 62783 
1445829ms: interf  0 0 0 0 0 0 0 0 0 0 0 0 
1445830ms: interf2 0 0 0 0 0 0 0 0 0 0 0 0 
1445833ms: values  119 74 17 8 4 3 0 5 5 5 23 52 62766 
1446603ms: interf  0 0 0 0 0 0 0 0 0 0 0 0 
1446604ms: interf2 0 0 0 0 0 0 0 0 0 0 0 0 
1446607ms: values  119 74 17 9 4 3 0 5 5 5 23 52 62766 
1447377ms: interf  0 0 0 0 0 0 0 0 0 0 0 0 
1447378ms: interf2 0 0 0 0 0 0 0 0 0 0 0 0 
1447382ms: values  119 74 17 9 4 3 0 4 5 5 23 52 62766 
1448152ms: interf  0 0 0 0 0 0 0 0 0 0 0 0 
1448153ms: interf2 0 0 0 0 0 0 0 0 0 0 0 0 
1448156ms: values  119 74 17 8 4 3 0 5 5 5 23 52 62766 
1448926ms: interf  0 0 0 0 0 0 0 0 0 0 0 0 
1448927ms: interf2 0 0 0 0 0 0 0 0 0 0 0 0 
1448930ms: values  119 74 17 9 4 3 0 4 5 5 23 52 62766 
1449700ms: interf  0 0 0 0 0 0 0 0 0 0 0 0 
1449701ms: interf2 0 0 0 0 0 0 0 0 0 0 0 0 
1449704ms: values  119 74 17 9 4 3 0 4 5 5 23 52 62766 
1450474ms: interf  0 0 0 0 0 0 0 0 0 0 0 0 
1450475ms: interf2 0 0 0 0 0 0 0 0 0 0 0 0 
1450478ms: values  119 74 17 8 4 3 0 4 5 5 23 52 62766 
1451248ms: interf  0 0 0 0 0 0 0 0 0 0 0 0 
1451249ms: interf2 0 0 0 0 0 0 0 0 0 0 0 0 
1451252ms: values  119 74 17 9 4 3 0 4 5 5 23 52 62766 
1452022ms: interf  0 0 0 0 0 0 0 0 0 0 0 0 
1452023ms: interf2 0 0 0 0 0 0 0 0 0 0 0 0 
1452026ms: values  119 74 17 9 4 3 0 4 5 5 23 52 62766 
1452796ms: interf  0 0 0 0 0 0 0 0 0 0 0 0 
1452797ms: interf2 0 0 0 0 0 0 0 0 0 0 0 0 
1452801ms: values  119 74 17 8 4 3 0 5 5 5 23 52 62766 
1453571ms: interf  0 0 0 0 0 0 0 0 0 0 0 0 
1453572ms: interf2 0 0 0 0 0 0 0 0 0 0 0 0 
1453575ms: values  119 74 17 9 4 3 0 5 5 5 23 52 62766 
1454345ms: interf  0 0 0 0 0 0 0 0 0 0 0 0 
1454346ms: interf2 0 0 0 0 0 0 0 0 0 0 0 0 
1454349ms: values  119 74 17 9 4 3 0 4 5 5 23 52 62766 
1455119ms: interf  0 0 0 0 0 0 0 0 0 0 0 0 
1455120ms: interf2 0 0 0 0 0 0 0 0 0 0 0 0 
1455123ms: values  119 74 17 9 4 3 0 4 5 5 23 52 62766 
1455893ms: interf  0 0 0 0 0 0 0 0 0 0 0 0 
1455894ms: interf2 0 0 0 0 0 0 0 0 0 0 0 0 
1455897ms: values  119 74 17 8 4 3 0 4 5 5 23 52 62766 
1456667ms: interf  0 0 0 0 0 0 0 0 0 0 0 0 
1456668ms: interf2 0 0 0 0 0 0 0 0 0 0 0 0 
1456671ms: values  119 74 17 9 4 3 0 4 5 5 23 52 62766 
1457441ms: interf  0 0 0 0 0 0 0 0 0 0 0 0 
1457442ms: interf2 0 0 0 0 0 0 0 0 0 0 0 0 
1457445ms: values  119 74 17 9 4 3 0 5 5 5 23 52 62766 
1458215ms: interf  0 0 0 0 0 0 0 0 0 0 0 0 
1458216ms: interf2 0 0 0 0 0 0 0 0 0 0 0 0 
1458220ms: values  119 74 17 9 4 3 0 4 5 5 23 52 62766 
1458990ms: interf  0 0 0 0 0 0 0 0 0 0 0 0 
1458991ms: interf2 0 0 0 0 0 0 0 0 0 0 0 0 
1458994ms: values  119 74 17 9 4 3 0 4 5 5 23 56 62703 
1459764ms: interf  0 0 0 0 0 0 0 0 0 0 0 0 
1459765ms: interf2 0 0 0 0 0 0 0 0 0 0 0 0 
1459769ms: values  119 71 16 7 0 0 0 4 5 6 23 55 62684 
1460538ms: interf  0 0 0 0 0 0 0 0 0 0 0 0 
1460539ms: interf2 0 0 0 0 0 0 0 0 0 0 0 0 
1460543ms: values  119 70 16 7 0 0 0 4 5 6 23 55 62673 
1461312ms: interf  0 0 0 0 0 0 0 0 0 0 0 0 
1461313ms: interf2 0 0 0 0 0 0 0 0 0 0 0 0 
1461317ms: values  119 71 17 8 0 0 0 5 5 5 23 55 62684 
1462086ms: interf  0 0 0 0 0 0 0 0 0 0 0 0 
1462087ms: interf2 0 0 0 0 0 0 0 0 0 0 0 0 
1462091ms: values  120 73 20 9 0 0 0 5 5 6 23 56 62692 
1462860ms: interf  0 0 0 0 0 0 0 0 0 0 0 0 
1462861ms: interf2 0 0 0 0 0 0 0 0 0 0 0 0 
1462865ms: values  120 74 20 9 0 0 0 4 5 6 24 56 62703 